<?xml version="1.0" encoding="UTF-8"?>
<!-- Generated by org.testng.reporters.JUnitReportReporter -->
<testsuite hostname="Jyothi" failures="0" tests="1" name="demoblaze.demoblaze.PlaceOrder" time="9.197" errors="0" timestamp="2023-07-11T12:56:38 IST" skipped="0">
  <testcase classname="demoblaze.demoblaze.PlaceOrder" name="testOrder" time="9.197"/>
  <system-out/>
</testsuite> <!-- demoblaze.demoblaze.PlaceOrder -->
